PREHOOK: query: create table t1 (a1 int, b1 string)
PREHOOK: type: CREATETABLE
PREHOOK: Output: database:default
PREHOOK: Output: default@t1
POSTHOOK: query: create table t1 (a1 int, b1 string)
POSTHOOK: type: CREATETABLE
POSTHOOK: Output: database:default
POSTHOOK: Output: default@t1
PREHOOK: query: create table t2 (a2 int, b2 string)
PREHOOK: type: CREATETABLE
PREHOOK: Output: database:default
PREHOOK: Output: default@t2
POSTHOOK: query: create table t2 (a2 int, b2 string)
POSTHOOK: type: CREATETABLE
POSTHOOK: Output: database:default
POSTHOOK: Output: default@t2
PREHOOK: query: explain cbo
select a2, b2 from t2 where 1=0
union
select a1, b1 from t1
PREHOOK: type: QUERY
PREHOOK: Input: default@t1
PREHOOK: Input: default@t2
#### A masked pattern was here ####
POSTHOOK: query: explain cbo
select a2, b2 from t2 where 1=0
union
select a1, b1 from t1
POSTHOOK: type: QUERY
POSTHOOK: Input: default@t1
POSTHOOK: Input: default@t2
#### A masked pattern was here ####
CBO PLAN:
HiveAggregate(group=[{0, 1}])
  HiveTableScan(table=[[default, t1]], table:alias=[t1])

PREHOOK: query: explain cbo
select a1, b1 from t1
union
select a2, b2 from t2 where 1=0
PREHOOK: type: QUERY
PREHOOK: Input: default@t1
PREHOOK: Input: default@t2
#### A masked pattern was here ####
POSTHOOK: query: explain cbo
select a1, b1 from t1
union
select a2, b2 from t2 where 1=0
POSTHOOK: type: QUERY
POSTHOOK: Input: default@t1
POSTHOOK: Input: default@t2
#### A masked pattern was here ####
CBO PLAN:
HiveAggregate(group=[{0, 1}])
  HiveTableScan(table=[[default, t1]], table:alias=[t1])

PREHOOK: query: explain
select a1, b1 from t1
union
select a2, b2 from t2 where 1=0
PREHOOK: type: QUERY
PREHOOK: Input: default@t1
PREHOOK: Input: default@t2
#### A masked pattern was here ####
POSTHOOK: query: explain
select a1, b1 from t1
union
select a2, b2 from t2 where 1=0
POSTHOOK: type: QUERY
POSTHOOK: Input: default@t1
POSTHOOK: Input: default@t2
#### A masked pattern was here ####
STAGE DEPENDENCIES:
  Stage-1 is a root stage
  Stage-0 depends on stages: Stage-1

STAGE PLANS:
  Stage: Stage-1
    Tez
#### A masked pattern was here ####
      Edges:
        Reducer 2 <- Map 1 (SIMPLE_EDGE)
#### A masked pattern was here ####
      Vertices:
        Map 1 
            Map Operator Tree:
                TableScan
                  alias: t1
                  Statistics: Num rows: 1 Data size: 188 Basic stats: COMPLETE Column stats: NONE
                  Select Operator
                    expressions: a1 (type: int), b1 (type: string)
                    outputColumnNames: a1, b1
                    Statistics: Num rows: 1 Data size: 188 Basic stats: COMPLETE Column stats: NONE
                    Group By Operator
                      keys: a1 (type: int), b1 (type: string)
                      minReductionHashAggr: 0.99
                      mode: hash
                      outputColumnNames: _col0, _col1
                      Statistics: Num rows: 1 Data size: 188 Basic stats: COMPLETE Column stats: NONE
                      Reduce Output Operator
                        key expressions: _col0 (type: int), _col1 (type: string)
                        null sort order: zz
                        sort order: ++
                        Map-reduce partition columns: _col0 (type: int), _col1 (type: string)
                        Statistics: Num rows: 1 Data size: 188 Basic stats: COMPLETE Column stats: NONE
            Execution mode: vectorized, llap
            LLAP IO: all inputs
        Reducer 2 
            Execution mode: vectorized, llap
            Reduce Operator Tree:
              Group By Operator
                keys: KEY._col0 (type: int), KEY._col1 (type: string)
                mode: mergepartial
                outputColumnNames: _col0, _col1
                Statistics: Num rows: 1 Data size: 188 Basic stats: COMPLETE Column stats: NONE
                File Output Operator
                  compressed: false
                  Statistics: Num rows: 1 Data size: 188 Basic stats: COMPLETE Column stats: NONE
                  table:
                      input format: org.apache.hadoop.mapred.SequenceFileInputFormat
                      output format: org.apache.hadoop.hive.ql.io.HiveSequenceFileOutputFormat
                      serde: org.apache.hadoop.hive.serde2.lazy.LazySimpleSerDe

  Stage: Stage-0
    Fetch Operator
      limit: -1
      Processor Tree:
        ListSink

